# JRE version: Java(TM) SE Runtime Environment (17.0.12+8) (build 17.0.12+8-LTS-286)
# Java VM: Java HotSpot(TM) 64-Bit Server VM (17.0.12+8-LTS-286, mixed mode, sharing, tiered, compressed oops, compressed class ptrs, g1 gc, windows-amd64)
GC Precious Log:
 CPUs: 16 total, 16 available
 Memory: 15482M
 Large Page Support: Disabled
 NUMA Support: Disabled
 Compressed Oops: Enabled (Zero based)
 Heap Region Size: 2M
 Heap Min Capacity: 8M
 Heap Initial Capacity: 242M
 Heap Max Capacity: 3872M
 Pre-touch: Disabled
 Parallel Workers: 13
 Concurrent Workers: 3
 Concurrent Refinement Workers: 13
 Periodic GC: Disabled
Heap:
 garbage-first heap   total 399360K, used 103064K [0x000000070e000000, 0x0000000800000000)
  region size 2048K, 43 young (88064K), 8 survivors (16384K)
 Metaspace       used 9832K, committed 9984K, reserved 1114112K
  class space    used 630K, committed 704K, reserved 1048576K
GC Heap History (20 events):
Event: 13.515 GC heap before
{Heap before GC invocations=13 (full 0):
 garbage-first heap   total 399360K, used 255747K [0x000000070e000000, 0x0000000800000000)
  region size 2048K, 117 young (239616K), 4 survivors (8192K)
 Metaspace       used 9667K, committed 9856K, reserved 1114112K
  class space    used 626K, committed 704K, reserved 1048576K
}
Event: 13.517 GC heap after
{Heap after GC invocations=14 (full 0):
 garbage-first heap   total 399360K, used 24270K [0x000000070e000000, 0x0000000800000000)
  region size 2048K, 4 young (8192K), 4 survivors (8192K)
 Metaspace       used 9667K, committed 9856K, reserved 1114112K
  class space    used 626K, committed 704K, reserved 1048576K
}
Event: 15.356 GC heap before
{Heap before GC invocations=14 (full 0):
 garbage-first heap   total 399360K, used 255694K [0x000000070e000000, 0x0000000800000000)
  region size 2048K, 117 young (239616K), 4 survivors (8192K)
 Metaspace       used 9753K, committed 9920K, reserved 1114112K
  class space    used 626K, committed 704K, reserved 1048576K
}
Event: 15.358 GC heap after
{Heap after GC invocations=15 (full 0):
 garbage-first heap   total 399360K, used 23832K [0x000000070e000000, 0x0000000800000000)
  region size 2048K, 3 young (6144K), 3 survivors (6144K)
 Metaspace       used 9753K, committed 9920K, reserved 1114112K
  class space    used 626K, committed 704K, reserved 1048576K
}
Event: 19.252 GC heap before
{Heap before GC invocations=15 (full 0):
 garbage-first heap   total 399360K, used 257304K [0x000000070e000000, 0x0000000800000000)
  region size 2048K, 117 young (239616K), 3 survivors (6144K)
 Metaspace       used 9759K, committed 9920K, reserved 1114112K
  class space    used 627K, committed 704K, reserved 1048576K
}
Event: 19.254 GC heap after
{Heap after GC invocations=16 (full 0):
 garbage-first heap   total 399360K, used 26321K [0x000000070e000000, 0x0000000800000000)
  region size 2048K, 5 young (10240K), 5 survivors (10240K)
 Metaspace       used 9759K, committed 9920K, reserved 1114112K
  class space    used 627K, committed 704K, reserved 1048576K
}
Event: 25.599 GC heap before
{Heap before GC invocations=16 (full 0):
 garbage-first heap   total 399360K, used 255697K [0x000000070e000000, 0x0000000800000000)
  region size 2048K, 117 young (239616K), 5 survivors (10240K)
 Metaspace       used 9776K, committed 9920K, reserved 1114112K
  class space    used 627K, committed 704K, reserved 1048576K
}
Event: 25.603 GC heap after
{Heap after GC invocations=17 (full 0):
 garbage-first heap   total 399360K, used 28360K [0x000000070e000000, 0x0000000800000000)
  region size 2048K, 6 young (12288K), 6 survivors (12288K)
 Metaspace       used 9776K, committed 9920K, reserved 1114112K
  class space    used 627K, committed 704K, reserved 1048576K
}
Event: 26.734 GC heap before
{Heap before GC invocations=17 (full 0):
 garbage-first heap   total 399360K, used 255688K [0x000000070e000000, 0x0000000800000000)
  region size 2048K, 117 young (239616K), 6 survivors (12288K)
 Metaspace       used 9790K, committed 9984K, reserved 1114112K
  class space    used 628K, committed 704K, reserved 1048576K
}
Event: 26.737 GC heap after
{Heap after GC invocations=18 (full 0):
 garbage-first heap   total 399360K, used 29167K [0x000000070e000000, 0x0000000800000000)
  region size 2048K, 6 young (12288K), 6 survivors (12288K)
 Metaspace       used 9790K, committed 9984K, reserved 1114112K
  class space    used 628K, committed 704K, reserved 1048576K
}
Event: 28.335 GC heap before
{Heap before GC invocations=18 (full 0):
 garbage-first heap   total 399360K, used 256495K [0x000000070e000000, 0x0000000800000000)
  region size 2048K, 117 young (239616K), 6 survivors (12288K)
 Metaspace       used 9794K, committed 9984K, reserved 1114112K
  class space    used 628K, committed 704K, reserved 1048576K
}
Event: 28.339 GC heap after
{Heap after GC invocations=19 (full 0):
 garbage-first heap   total 399360K, used 29421K [0x000000070e000000, 0x0000000800000000)
  region size 2048K, 6 young (12288K), 6 survivors (12288K)
 Metaspace       used 9794K, committed 9984K, reserved 1114112K
  class space    used 628K, committed 704K, reserved 1048576K
}
Event: 34.331 GC heap before
{Heap before GC invocations=19 (full 0):
 garbage-first heap   total 399360K, used 256749K [0x000000070e000000, 0x0000000800000000)
  region size 2048K, 117 young (239616K), 6 survivors (12288K)
 Metaspace       used 9805K, committed 9984K, reserved 1114112K
  class space    used 628K, committed 704K, reserved 1048576K
}
Event: 34.338 GC heap after
{Heap after GC invocations=20 (full 0):
 garbage-first heap   total 399360K, used 30394K [0x000000070e000000, 0x0000000800000000)
  region size 2048K, 7 young (14336K), 7 survivors (14336K)
 Metaspace       used 9805K, committed 9984K, reserved 1114112K
  class space    used 628K, committed 704K, reserved 1048576K
}
Event: 35.665 GC heap before
{Heap before GC invocations=20 (full 0):
 garbage-first heap   total 399360K, used 255674K [0x000000070e000000, 0x0000000800000000)
  region size 2048K, 117 young (239616K), 7 survivors (14336K)
 Metaspace       used 9806K, committed 9984K, reserved 1114112K
  class space    used 628K, committed 704K, reserved 1048576K
}
Event: 35.669 GC heap after
{Heap after GC invocations=21 (full 0):
 garbage-first heap   total 399360K, used 31304K [0x000000070e000000, 0x0000000800000000)
  region size 2048K, 7 young (14336K), 7 survivors (14336K)
 Metaspace       used 9806K, committed 9984K, reserved 1114112K
  class space    used 628K, committed 704K, reserved 1048576K
}
Event: 37.990 GC heap before
{Heap before GC invocations=21 (full 0):
 garbage-first heap   total 399360K, used 256584K [0x000000070e000000, 0x0000000800000000)
  region size 2048K, 117 young (239616K), 7 survivors (14336K)
 Metaspace       used 9816K, committed 9984K, reserved 1114112K
  class space    used 628K, committed 704K, reserved 1048576K
}
Event: 37.997 GC heap after
{Heap after GC invocations=22 (full 0):
 garbage-first heap   total 399360K, used 30954K [0x000000070e000000, 0x0000000800000000)
  region size 2048K, 7 young (14336K), 7 survivors (14336K)
 Metaspace       used 9816K, committed 9984K, reserved 1114112K
  class space    used 628K, committed 704K, reserved 1048576K
}
Event: 43.480 GC heap before
{Heap before GC invocations=22 (full 0):
 garbage-first heap   total 399360K, used 256234K [0x000000070e000000, 0x0000000800000000)
  region size 2048K, 117 young (239616K), 7 survivors (14336K)
 Metaspace       used 9817K, committed 9984K, reserved 1114112K
  class space    used 628K, committed 704K, reserved 1048576K
}
Event: 43.486 GC heap after
{Heap after GC invocations=23 (full 0):
 garbage-first heap   total 399360K, used 33432K [0x000000070e000000, 0x0000000800000000)
  region size 2048K, 8 young (16384K), 8 survivors (16384K)
 Metaspace       used 9817K, committed 9984K, reserved 1114112K
  class space    used 628K, committed 704K, reserved 1048576K
}

