# JRE version: Java(TM) SE Runtime Environment (17.0.12+8) (build 17.0.12+8-LTS-286)
# Java VM: Java HotSpot(TM) 64-Bit Server VM (17.0.12+8-LTS-286, mixed mode, sharing, tiered, compressed oops, compressed class ptrs, g1 gc, windows-amd64)
GC Precious Log:
 CPUs: 16 total, 16 available
 Memory: 16272M
 Large Page Support: Disabled
 NUMA Support: Disabled
 Compressed Oops: Enabled (Zero based)
 Heap Region Size: 2M
 Heap Min Capacity: 8M
 Heap Initial Capacity: 256M
 Heap Max Capacity: 4070M
 Pre-touch: Disabled
 Parallel Workers: 13
 Concurrent Workers: 3
 Concurrent Refinement Workers: 13
 Periodic GC: Disabled
Heap:
 garbage-first heap   total 262144K, used 23915K [0x0000000701a00000, 0x0000000800000000)
  region size 2048K, 13 young (26624K), 4 survivors (8192K)
 Metaspace       used 9125K, committed 9344K, reserved 1114112K
  class space    used 598K, committed 704K, reserved 1048576K
GC Heap History (6 events):
Event: 1.120 GC heap before
{Heap before GC invocations=0 (full 0):
 garbage-first heap   total 262144K, used 22528K [0x0000000701a00000, 0x0000000800000000)
  region size 2048K, 11 young (22528K), 0 survivors (0K)
 Metaspace       used 5354K, committed 5568K, reserved 1114112K
  class space    used 396K, committed 512K, reserved 1048576K
}
Event: 1.122 GC heap after
{Heap after GC invocations=1 (full 0):
 garbage-first heap   total 262144K, used 2810K [0x0000000701a00000, 0x0000000800000000)
  region size 2048K, 2 young (4096K), 2 survivors (4096K)
 Metaspace       used 5354K, committed 5568K, reserved 1114112K
  class space    used 396K, committed 512K, reserved 1048576K
}
Event: 2.132 GC heap before
{Heap before GC invocations=1 (full 0):
 garbage-first heap   total 262144K, used 35578K [0x0000000701a00000, 0x0000000800000000)
  region size 2048K, 19 young (38912K), 2 survivors (4096K)
 Metaspace       used 8229K, committed 8384K, reserved 1114112K
  class space    used 587K, committed 640K, reserved 1048576K
}
Event: 2.135 GC heap after
{Heap after GC invocations=2 (full 0):
 garbage-first heap   total 262144K, used 6112K [0x0000000701a00000, 0x0000000800000000)
  region size 2048K, 3 young (6144K), 3 survivors (6144K)
 Metaspace       used 8229K, committed 8384K, reserved 1114112K
  class space    used 587K, committed 640K, reserved 1048576K
}
Event: 148.310 GC heap before
{Heap before GC invocations=2 (full 0):
 garbage-first heap   total 262144K, used 155616K [0x0000000701a00000, 0x0000000800000000)
  region size 2048K, 76 young (155648K), 3 survivors (6144K)
 Metaspace       used 9107K, committed 9280K, reserved 1114112K
  class space    used 596K, committed 704K, reserved 1048576K
}
Event: 148.313 GC heap after
{Heap after GC invocations=3 (full 0):
 garbage-first heap   total 262144K, used 7531K [0x0000000701a00000, 0x0000000800000000)
  region size 2048K, 4 young (8192K), 4 survivors (8192K)
 Metaspace       used 9107K, committed 9280K, reserved 1114112K
  class space    used 596K, committed 704K, reserved 1048576K
}

