# JRE version: Java(TM) SE Runtime Environment (17.0.12+8) (build 17.0.12+8-LTS-286)
# Java VM: Java HotSpot(TM) 64-Bit Server VM (17.0.12+8-LTS-286, mixed mode, sharing, tiered, compressed oops, compressed class ptrs, g1 gc, windows-amd64)
GC Precious Log:
 CPUs: 16 total, 16 available
 Memory: 16272M
 Large Page Support: Disabled
 NUMA Support: Disabled
 Compressed Oops: Enabled (Zero based)
 Heap Region Size: 2M
 Heap Min Capacity: 8M
 Heap Initial Capacity: 256M
 Heap Max Capacity: 4070M
 Pre-touch: Disabled
 Parallel Workers: 13
 Concurrent Workers: 3
 Concurrent Refinement Workers: 13
 Periodic GC: Disabled
Heap:
 garbage-first heap   total 262144K, used 25583K [0x0000000701a00000, 0x0000000800000000)
  region size 2048K, 9 young (18432K), 7 survivors (14336K)
 Metaspace       used 9138K, committed 9280K, reserved 1114112K
  class space    used 590K, committed 640K, reserved 1048576K
GC Heap History (10 events):
Event: 1.313 GC heap before
{Heap before GC invocations=0 (full 0):
 garbage-first heap   total 262144K, used 22528K [0x0000000701a00000, 0x0000000800000000)
  region size 2048K, 11 young (22528K), 0 survivors (0K)
 Metaspace       used 5362K, committed 5568K, reserved 1114112K
  class space    used 396K, committed 512K, reserved 1048576K
}
Event: 1.315 GC heap after
{Heap after GC invocations=1 (full 0):
 garbage-first heap   total 262144K, used 2741K [0x0000000701a00000, 0x0000000800000000)
  region size 2048K, 2 young (4096K), 2 survivors (4096K)
 Metaspace       used 5362K, committed 5568K, reserved 1114112K
  class space    used 396K, committed 512K, reserved 1048576K
}
Event: 2.606 GC heap before
{Heap before GC invocations=1 (full 0):
 garbage-first heap   total 262144K, used 35509K [0x0000000701a00000, 0x0000000800000000)
  region size 2048K, 19 young (38912K), 2 survivors (4096K)
 Metaspace       used 8151K, committed 8320K, reserved 1114112K
  class space    used 588K, committed 640K, reserved 1048576K
}
Event: 2.609 GC heap after
{Heap after GC invocations=2 (full 0):
 garbage-first heap   total 262144K, used 6284K [0x0000000701a00000, 0x0000000800000000)
  region size 2048K, 3 young (6144K), 3 survivors (6144K)
 Metaspace       used 8151K, committed 8320K, reserved 1114112K
  class space    used 588K, committed 640K, reserved 1048576K
}
Event: 9.002 GC heap before
{Heap before GC invocations=2 (full 0):
 garbage-first heap   total 262144K, used 155788K [0x0000000701a00000, 0x0000000800000000)
  region size 2048K, 76 young (155648K), 3 survivors (6144K)
 Metaspace       used 9053K, committed 9216K, reserved 1114112K
  class space    used 588K, committed 640K, reserved 1048576K
}
Event: 9.005 GC heap after
{Heap after GC invocations=3 (full 0):
 garbage-first heap   total 262144K, used 9720K [0x0000000701a00000, 0x0000000800000000)
  region size 2048K, 5 young (10240K), 5 survivors (10240K)
 Metaspace       used 9053K, committed 9216K, reserved 1114112K
  class space    used 588K, committed 640K, reserved 1048576K
}
Event: 29.368 GC heap before
{Heap before GC invocations=3 (full 0):
 garbage-first heap   total 262144K, used 155128K [0x0000000701a00000, 0x0000000800000000)
  region size 2048K, 76 young (155648K), 5 survivors (10240K)
 Metaspace       used 9120K, committed 9280K, reserved 1114112K
  class space    used 588K, committed 640K, reserved 1048576K
}
Event: 29.373 GC heap after
{Heap after GC invocations=4 (full 0):
 garbage-first heap   total 262144K, used 16809K [0x0000000701a00000, 0x0000000800000000)
  region size 2048K, 9 young (18432K), 9 survivors (18432K)
 Metaspace       used 9120K, committed 9280K, reserved 1114112K
  class space    used 588K, committed 640K, reserved 1048576K
}
Event: 49.112 GC heap before
{Heap before GC invocations=4 (full 0):
 garbage-first heap   total 262144K, used 154025K [0x0000000701a00000, 0x0000000800000000)
  region size 2048K, 76 young (155648K), 9 survivors (18432K)
 Metaspace       used 9128K, committed 9280K, reserved 1114112K
  class space    used 588K, committed 640K, reserved 1048576K
}
Event: 49.118 GC heap after
{Heap after GC invocations=5 (full 0):
 garbage-first heap   total 262144K, used 23535K [0x0000000701a00000, 0x0000000800000000)
  region size 2048K, 7 young (14336K), 7 survivors (14336K)
 Metaspace       used 9128K, committed 9280K, reserved 1114112K
  class space    used 588K, committed 640K, reserved 1048576K
}

