# JRE version: Java(TM) SE Runtime Environment (17.0.12+8) (build 17.0.12+8-LTS-286)
# Java VM: Java HotSpot(TM) 64-Bit Server VM (17.0.12+8-LTS-286, mixed mode, sharing, tiered, compressed oops, compressed class ptrs, g1 gc, windows-amd64)
GC Precious Log:
 CPUs: 16 total, 16 available
 Memory: 16272M
 Large Page Support: Disabled
 NUMA Support: Disabled
 Compressed Oops: Enabled (Zero based)
 Heap Region Size: 2M
 Heap Min Capacity: 8M
 Heap Initial Capacity: 256M
 Heap Max Capacity: 4070M
 Pre-touch: Disabled
 Parallel Workers: 13
 Concurrent Workers: 3
 Concurrent Refinement Workers: 13
 Periodic GC: Disabled
Heap:
 garbage-first heap   total 325632K, used 173988K [0x0000000701a00000, 0x0000000800000000)
  region size 2048K, 77 young (157696K), 4 survivors (8192K)
 Metaspace       used 9926K, committed 10112K, reserved 1114112K
  class space    used 638K, committed 704K, reserved 1048576K
GC Heap History (20 events):
Event: 5.579 GC heap before
{Heap before GC invocations=3 (full 0):
 garbage-first heap   total 262144K, used 155129K [0x0000000701a00000, 0x0000000800000000)
  region size 2048K, 76 young (155648K), 6 survivors (12288K)
 Metaspace       used 8778K, committed 8960K, reserved 1114112K
  class space    used 622K, committed 704K, reserved 1048576K
}
Event: 5.588 GC heap after
{Heap after GC invocations=4 (full 0):
 garbage-first heap   total 262144K, used 16482K [0x0000000701a00000, 0x0000000800000000)
  region size 2048K, 7 young (14336K), 7 survivors (14336K)
 Metaspace       used 8778K, committed 8960K, reserved 1114112K
  class space    used 622K, committed 704K, reserved 1048576K
}
Event: 5.790 GC heap before
{Heap before GC invocations=4 (full 0):
 garbage-first heap   total 262144K, used 157794K [0x0000000701a00000, 0x0000000800000000)
  region size 2048K, 76 young (155648K), 7 survivors (14336K)
 Metaspace       used 8833K, committed 9024K, reserved 1114112K
  class space    used 622K, committed 704K, reserved 1048576K
}
Event: 5.796 GC heap after
{Heap after GC invocations=5 (full 0):
 garbage-first heap   total 262144K, used 19312K [0x0000000701a00000, 0x0000000800000000)
  region size 2048K, 7 young (14336K), 7 survivors (14336K)
 Metaspace       used 8833K, committed 9024K, reserved 1114112K
  class space    used 622K, committed 704K, reserved 1048576K
}
Event: 5.958 GC heap before
{Heap before GC invocations=5 (full 0):
 garbage-first heap   total 262144K, used 160624K [0x0000000701a00000, 0x0000000800000000)
  region size 2048K, 76 young (155648K), 7 survivors (14336K)
 Metaspace       used 8848K, committed 9024K, reserved 1114112K
  class space    used 622K, committed 704K, reserved 1048576K
}
Event: 5.965 GC heap after
{Heap after GC invocations=6 (full 0):
 garbage-first heap   total 262144K, used 22706K [0x0000000701a00000, 0x0000000800000000)
  region size 2048K, 6 young (12288K), 6 survivors (12288K)
 Metaspace       used 8848K, committed 9024K, reserved 1114112K
  class space    used 622K, committed 704K, reserved 1048576K
}
Event: 6.195 GC heap before
{Heap before GC invocations=6 (full 0):
 garbage-first heap   total 262144K, used 166066K [0x0000000701a00000, 0x0000000800000000)
  region size 2048K, 76 young (155648K), 6 survivors (12288K)
 Metaspace       used 9317K, committed 9472K, reserved 1114112K
  class space    used 625K, committed 704K, reserved 1048576K
}
Event: 6.201 GC heap after
{Heap after GC invocations=7 (full 0):
 garbage-first heap   total 262144K, used 24989K [0x0000000701a00000, 0x0000000800000000)
  region size 2048K, 7 young (14336K), 7 survivors (14336K)
 Metaspace       used 9317K, committed 9472K, reserved 1114112K
  class space    used 625K, committed 704K, reserved 1048576K
}
Event: 6.369 GC heap before
{Heap before GC invocations=7 (full 0):
 garbage-first heap   total 262144K, used 166301K [0x0000000701a00000, 0x0000000800000000)
  region size 2048K, 76 young (155648K), 7 survivors (14336K)
 Metaspace       used 9356K, committed 9536K, reserved 1114112K
  class space    used 626K, committed 704K, reserved 1048576K
}
Event: 6.376 GC heap after
{Heap after GC invocations=8 (full 0):
 garbage-first heap   total 325632K, used 27020K [0x0000000701a00000, 0x0000000800000000)
  region size 2048K, 6 young (12288K), 6 survivors (12288K)
 Metaspace       used 9356K, committed 9536K, reserved 1114112K
  class space    used 626K, committed 704K, reserved 1048576K
}
Event: 7.327 GC heap before
{Heap before GC invocations=8 (full 0):
 garbage-first heap   total 325632K, used 209292K [0x0000000701a00000, 0x0000000800000000)
  region size 2048K, 95 young (194560K), 6 survivors (12288K)
 Metaspace       used 9440K, committed 9664K, reserved 1114112K
  class space    used 628K, committed 704K, reserved 1048576K
}
Event: 7.331 GC heap after
{Heap after GC invocations=9 (full 0):
 garbage-first heap   total 325632K, used 28114K [0x0000000701a00000, 0x0000000800000000)
  region size 2048K, 7 young (14336K), 7 survivors (14336K)
 Metaspace       used 9440K, committed 9664K, reserved 1114112K
  class space    used 628K, committed 704K, reserved 1048576K
}
Event: 7.529 GC heap before
{Heap before GC invocations=9 (full 0):
 garbage-first heap   total 325632K, used 208338K [0x0000000701a00000, 0x0000000800000000)
  region size 2048K, 95 young (194560K), 7 survivors (14336K)
 Metaspace       used 9455K, committed 9664K, reserved 1114112K
  class space    used 628K, committed 704K, reserved 1048576K
}
Event: 7.534 GC heap after
{Heap after GC invocations=10 (full 0):
 garbage-first heap   total 325632K, used 29848K [0x0000000701a00000, 0x0000000800000000)
  region size 2048K, 8 young (16384K), 8 survivors (16384K)
 Metaspace       used 9455K, committed 9664K, reserved 1114112K
  class space    used 628K, committed 704K, reserved 1048576K
}
Event: 13.268 GC heap before
{Heap before GC invocations=10 (full 0):
 garbage-first heap   total 325632K, used 208024K [0x0000000701a00000, 0x0000000800000000)
  region size 2048K, 95 young (194560K), 8 survivors (16384K)
 Metaspace       used 9697K, committed 9856K, reserved 1114112K
  class space    used 628K, committed 704K, reserved 1048576K
}
Event: 13.273 GC heap after
{Heap after GC invocations=11 (full 0):
 garbage-first heap   total 325632K, used 31700K [0x0000000701a00000, 0x0000000800000000)
  region size 2048K, 7 young (14336K), 7 survivors (14336K)
 Metaspace       used 9697K, committed 9856K, reserved 1114112K
  class space    used 628K, committed 704K, reserved 1048576K
}
Event: 14.182 GC heap before
{Heap before GC invocations=11 (full 0):
 garbage-first heap   total 325632K, used 211924K [0x0000000701a00000, 0x0000000800000000)
  region size 2048K, 95 young (194560K), 7 survivors (14336K)
 Metaspace       used 9721K, committed 9920K, reserved 1114112K
  class space    used 628K, committed 704K, reserved 1048576K
}
Event: 14.186 GC heap after
{Heap after GC invocations=12 (full 0):
 garbage-first heap   total 325632K, used 32916K [0x0000000701a00000, 0x0000000800000000)
  region size 2048K, 8 young (16384K), 8 survivors (16384K)
 Metaspace       used 9721K, committed 9920K, reserved 1114112K
  class space    used 628K, committed 704K, reserved 1048576K
}
Event: 14.362 GC heap before
{Heap before GC invocations=12 (full 0):
 garbage-first heap   total 325632K, used 211092K [0x0000000701a00000, 0x0000000800000000)
  region size 2048K, 95 young (194560K), 8 survivors (16384K)
 Metaspace       used 9783K, committed 9920K, reserved 1114112K
  class space    used 633K, committed 704K, reserved 1048576K
}
Event: 14.364 GC heap after
{Heap after GC invocations=13 (full 0):
 garbage-first heap   total 325632K, used 26532K [0x0000000701a00000, 0x0000000800000000)
  region size 2048K, 4 young (8192K), 4 survivors (8192K)
 Metaspace       used 9783K, committed 9920K, reserved 1114112K
  class space    used 633K, committed 704K, reserved 1048576K
}

