# JRE version: Java(TM) SE Runtime Environment (17.0.12+8) (build 17.0.12+8-LTS-286)
# Java VM: Java HotSpot(TM) 64-Bit Server VM (17.0.12+8-LTS-286, mixed mode, sharing, tiered, compressed oops, compressed class ptrs, g1 gc, windows-amd64)
GC Precious Log:
 CPUs: 16 total, 16 available
 Memory: 16272M
 Large Page Support: Disabled
 NUMA Support: Disabled
 Compressed Oops: Enabled (Zero based)
 Heap Region Size: 2M
 Heap Min Capacity: 8M
 Heap Initial Capacity: 256M
 Heap Max Capacity: 4070M
 Pre-touch: Disabled
 Parallel Workers: 13
 Concurrent Workers: 3
 Concurrent Refinement Workers: 13
 Periodic GC: Disabled
Heap:
 garbage-first heap   total 262144K, used 98467K [0x0000000701a00000, 0x0000000800000000)
  region size 2048K, 42 young (86016K), 4 survivors (8192K)
 Metaspace       used 9667K, committed 9920K, reserved 1114112K
  class space    used 632K, committed 768K, reserved 1048576K
GC Heap History (20 events):
Event: 38.713 GC heap before
{Heap before GC invocations=6 (full 0):
 garbage-first heap   total 262144K, used 159845K [0x0000000701a00000, 0x0000000800000000)
  region size 2048K, 76 young (155648K), 7 survivors (14336K)
 Metaspace       used 9647K, committed 9856K, reserved 1114112K
  class space    used 630K, committed 768K, reserved 1048576K
}
Event: 38.715 GC heap after
{Heap after GC invocations=7 (full 0):
 garbage-first heap   total 262144K, used 19623K [0x0000000701a00000, 0x0000000800000000)
  region size 2048K, 6 young (12288K), 6 survivors (12288K)
 Metaspace       used 9647K, committed 9856K, reserved 1114112K
  class space    used 630K, committed 768K, reserved 1048576K
}
Event: 39.794 GC heap before
{Heap before GC invocations=7 (full 0):
 garbage-first heap   total 262144K, used 162983K [0x0000000701a00000, 0x0000000800000000)
  region size 2048K, 76 young (155648K), 6 survivors (12288K)
 Metaspace       used 9648K, committed 9856K, reserved 1114112K
  class space    used 630K, committed 768K, reserved 1048576K
}
Event: 39.796 GC heap after
{Heap after GC invocations=8 (full 0):
 garbage-first heap   total 262144K, used 20401K [0x0000000701a00000, 0x0000000800000000)
  region size 2048K, 5 young (10240K), 5 survivors (10240K)
 Metaspace       used 9648K, committed 9856K, reserved 1114112K
  class space    used 630K, committed 768K, reserved 1048576K
}
Event: 40.876 GC heap before
{Heap before GC invocations=8 (full 0):
 garbage-first heap   total 262144K, used 165809K [0x0000000701a00000, 0x0000000800000000)
  region size 2048K, 76 young (155648K), 5 survivors (10240K)
 Metaspace       used 9648K, committed 9856K, reserved 1114112K
  class space    used 630K, committed 768K, reserved 1048576K
}
Event: 40.878 GC heap after
{Heap after GC invocations=9 (full 0):
 garbage-first heap   total 262144K, used 20517K [0x0000000701a00000, 0x0000000800000000)
  region size 2048K, 5 young (10240K), 5 survivors (10240K)
 Metaspace       used 9648K, committed 9856K, reserved 1114112K
  class space    used 630K, committed 768K, reserved 1048576K
}
Event: 41.943 GC heap before
{Heap before GC invocations=9 (full 0):
 garbage-first heap   total 262144K, used 165925K [0x0000000701a00000, 0x0000000800000000)
  region size 2048K, 76 young (155648K), 5 survivors (10240K)
 Metaspace       used 9648K, committed 9856K, reserved 1114112K
  class space    used 630K, committed 768K, reserved 1048576K
}
Event: 41.945 GC heap after
{Heap after GC invocations=10 (full 0):
 garbage-first heap   total 262144K, used 20776K [0x0000000701a00000, 0x0000000800000000)
  region size 2048K, 5 young (10240K), 5 survivors (10240K)
 Metaspace       used 9648K, committed 9856K, reserved 1114112K
  class space    used 630K, committed 768K, reserved 1048576K
}
Event: 42.944 GC heap before
{Heap before GC invocations=10 (full 0):
 garbage-first heap   total 262144K, used 166184K [0x0000000701a00000, 0x0000000800000000)
  region size 2048K, 76 young (155648K), 5 survivors (10240K)
 Metaspace       used 9649K, committed 9856K, reserved 1114112K
  class space    used 630K, committed 768K, reserved 1048576K
}
Event: 42.946 GC heap after
{Heap after GC invocations=11 (full 0):
 garbage-first heap   total 262144K, used 20827K [0x0000000701a00000, 0x0000000800000000)
  region size 2048K, 5 young (10240K), 5 survivors (10240K)
 Metaspace       used 9649K, committed 9856K, reserved 1114112K
  class space    used 630K, committed 768K, reserved 1048576K
}
Event: 44.042 GC heap before
{Heap before GC invocations=11 (full 0):
 garbage-first heap   total 262144K, used 166235K [0x0000000701a00000, 0x0000000800000000)
  region size 2048K, 76 young (155648K), 5 survivors (10240K)
 Metaspace       used 9650K, committed 9856K, reserved 1114112K
  class space    used 630K, committed 768K, reserved 1048576K
}
Event: 44.043 GC heap after
{Heap after GC invocations=12 (full 0):
 garbage-first heap   total 262144K, used 20899K [0x0000000701a00000, 0x0000000800000000)
  region size 2048K, 5 young (10240K), 5 survivors (10240K)
 Metaspace       used 9650K, committed 9856K, reserved 1114112K
  class space    used 630K, committed 768K, reserved 1048576K
}
Event: 45.177 GC heap before
{Heap before GC invocations=12 (full 0):
 garbage-first heap   total 262144K, used 166307K [0x0000000701a00000, 0x0000000800000000)
  region size 2048K, 76 young (155648K), 5 survivors (10240K)
 Metaspace       used 9650K, committed 9856K, reserved 1114112K
  class space    used 630K, committed 768K, reserved 1048576K
}
Event: 45.179 GC heap after
{Heap after GC invocations=13 (full 0):
 garbage-first heap   total 262144K, used 21629K [0x0000000701a00000, 0x0000000800000000)
  region size 2048K, 6 young (12288K), 6 survivors (12288K)
 Metaspace       used 9650K, committed 9856K, reserved 1114112K
  class space    used 630K, committed 768K, reserved 1048576K
}
Event: 46.110 GC heap before
{Heap before GC invocations=13 (full 0):
 garbage-first heap   total 262144K, used 164989K [0x0000000701a00000, 0x0000000800000000)
  region size 2048K, 76 young (155648K), 6 survivors (12288K)
 Metaspace       used 9650K, committed 9856K, reserved 1114112K
  class space    used 630K, committed 768K, reserved 1048576K
}
Event: 46.112 GC heap after
{Heap after GC invocations=14 (full 0):
 garbage-first heap   total 262144K, used 22571K [0x0000000701a00000, 0x0000000800000000)
  region size 2048K, 6 young (12288K), 6 survivors (12288K)
 Metaspace       used 9650K, committed 9856K, reserved 1114112K
  class space    used 630K, committed 768K, reserved 1048576K
}
Event: 47.243 GC heap before
{Heap before GC invocations=14 (full 0):
 garbage-first heap   total 262144K, used 165931K [0x0000000701a00000, 0x0000000800000000)
  region size 2048K, 76 young (155648K), 6 survivors (12288K)
 Metaspace       used 9650K, committed 9856K, reserved 1114112K
  class space    used 630K, committed 768K, reserved 1048576K
}
Event: 47.246 GC heap after
{Heap after GC invocations=15 (full 0):
 garbage-first heap   total 262144K, used 22791K [0x0000000701a00000, 0x0000000800000000)
  region size 2048K, 4 young (8192K), 4 survivors (8192K)
 Metaspace       used 9650K, committed 9856K, reserved 1114112K
  class space    used 630K, committed 768K, reserved 1048576K
}
Event: 48.360 GC heap before
{Heap before GC invocations=15 (full 0):
 garbage-first heap   total 262144K, used 170247K [0x0000000701a00000, 0x0000000800000000)
  region size 2048K, 76 young (155648K), 4 survivors (8192K)
 Metaspace       used 9650K, committed 9856K, reserved 1114112K
  class space    used 630K, committed 768K, reserved 1048576K
}
Event: 48.361 GC heap after
{Heap after GC invocations=16 (full 0):
 garbage-first heap   total 262144K, used 22691K [0x0000000701a00000, 0x0000000800000000)
  region size 2048K, 4 young (8192K), 4 survivors (8192K)
 Metaspace       used 9650K, committed 9856K, reserved 1114112K
  class space    used 630K, committed 768K, reserved 1048576K
}

