# JRE version: Java(TM) SE Runtime Environment (17.0.12+8) (build 17.0.12+8-LTS-286)
# Java VM: Java HotSpot(TM) 64-Bit Server VM (17.0.12+8-LTS-286, mixed mode, sharing, tiered, compressed oops, compressed class ptrs, g1 gc, windows-amd64)
GC Precious Log:
 CPUs: 16 total, 16 available
 Memory: 16272M
 Large Page Support: Disabled
 NUMA Support: Disabled
 Compressed Oops: Enabled (Zero based)
 Heap Region Size: 2M
 Heap Min Capacity: 8M
 Heap Initial Capacity: 256M
 Heap Max Capacity: 4070M
 Pre-touch: Disabled
 Parallel Workers: 13
 Concurrent Workers: 3
 Concurrent Refinement Workers: 13
 Periodic GC: Disabled
Heap:
 garbage-first heap   total 262144K, used 21416K [0x0000000701a00000, 0x0000000800000000)
  region size 2048K, 12 young (24576K), 6 survivors (12288K)
 Metaspace       used 9052K, committed 9216K, reserved 1114112K
  class space    used 585K, committed 640K, reserved 1048576K
GC Heap History (6 events):
Event: 1.703 GC heap before
{Heap before GC invocations=0 (full 0):
 garbage-first heap   total 262144K, used 22528K [0x0000000701a00000, 0x0000000800000000)
  region size 2048K, 11 young (22528K), 0 survivors (0K)
 Metaspace       used 5364K, committed 5568K, reserved 1114112K
  class space    used 396K, committed 512K, reserved 1048576K
}
Event: 1.705 GC heap after
{Heap after GC invocations=1 (full 0):
 garbage-first heap   total 262144K, used 2741K [0x0000000701a00000, 0x0000000800000000)
  region size 2048K, 2 young (4096K), 2 survivors (4096K)
 Metaspace       used 5364K, committed 5568K, reserved 1114112K
  class space    used 396K, committed 512K, reserved 1048576K
}
Event: 3.199 GC heap before
{Heap before GC invocations=1 (full 0):
 garbage-first heap   total 262144K, used 35509K [0x0000000701a00000, 0x0000000800000000)
  region size 2048K, 19 young (38912K), 2 survivors (4096K)
 Metaspace       used 8226K, committed 8384K, reserved 1114112K
  class space    used 583K, committed 640K, reserved 1048576K
}
Event: 3.201 GC heap after
{Heap after GC invocations=2 (full 0):
 garbage-first heap   total 262144K, used 6214K [0x0000000701a00000, 0x0000000800000000)
  region size 2048K, 3 young (6144K), 3 survivors (6144K)
 Metaspace       used 8226K, committed 8384K, reserved 1114112K
  class space    used 583K, committed 640K, reserved 1048576K
}
Event: 16.736 GC heap before
{Heap before GC invocations=2 (full 0):
 garbage-first heap   total 262144K, used 155718K [0x0000000701a00000, 0x0000000800000000)
  region size 2048K, 76 young (155648K), 3 survivors (6144K)
 Metaspace       used 9036K, committed 9216K, reserved 1114112K
  class space    used 583K, committed 640K, reserved 1048576K
}
Event: 16.741 GC heap after
{Heap after GC invocations=3 (full 0):
 garbage-first heap   total 262144K, used 11176K [0x0000000701a00000, 0x0000000800000000)
  region size 2048K, 6 young (12288K), 6 survivors (12288K)
 Metaspace       used 9036K, committed 9216K, reserved 1114112K
  class space    used 583K, committed 640K, reserved 1048576K
}

