# JRE version: Java(TM) SE Runtime Environment (17.0.12+8) (build 17.0.12+8-LTS-286)
# Java VM: Java HotSpot(TM) 64-Bit Server VM (17.0.12+8-LTS-286, mixed mode, sharing, tiered, compressed oops, compressed class ptrs, g1 gc, windows-amd64)
GC Precious Log:
 CPUs: 16 total, 16 available
 Memory: 16272M
 Large Page Support: Disabled
 NUMA Support: Disabled
 Compressed Oops: Enabled (Zero based)
 Heap Region Size: 2M
 Heap Min Capacity: 8M
 Heap Initial Capacity: 256M
 Heap Max Capacity: 4070M
 Pre-touch: Disabled
 Parallel Workers: 13
 Concurrent Workers: 3
 Concurrent Refinement Workers: 13
 Periodic GC: Disabled
Heap:
 garbage-first heap   total 409600K, used 124458K [0x0000000701a00000, 0x0000000800000000)
  region size 2048K, 53 young (108544K), 4 survivors (8192K)
 Metaspace       used 9963K, committed 10176K, reserved 1114112K
  class space    used 641K, committed 704K, reserved 1048576K
GC Heap History (20 events):
Event: 3.913 GC heap before
{Heap before GC invocations=3 (full 0):
 garbage-first heap   total 262144K, used 155370K [0x0000000701a00000, 0x0000000800000000)
  region size 2048K, 76 young (155648K), 6 survivors (12288K)
 Metaspace       used 8693K, committed 8896K, reserved 1114112K
  class space    used 621K, committed 704K, reserved 1048576K
}
Event: 3.922 GC heap after
{Heap after GC invocations=4 (full 0):
 garbage-first heap   total 262144K, used 16514K [0x0000000701a00000, 0x0000000800000000)
  region size 2048K, 7 young (14336K), 7 survivors (14336K)
 Metaspace       used 8693K, committed 8896K, reserved 1114112K
  class space    used 621K, committed 704K, reserved 1048576K
}
Event: 21.644 GC heap before
{Heap before GC invocations=4 (full 0):
 garbage-first heap   total 262144K, used 157826K [0x0000000701a00000, 0x0000000800000000)
  region size 2048K, 76 young (155648K), 7 survivors (14336K)
 Metaspace       used 9544K, committed 9728K, reserved 1114112K
  class space    used 621K, committed 704K, reserved 1048576K
}
Event: 21.650 GC heap after
{Heap after GC invocations=5 (full 0):
 garbage-first heap   total 262144K, used 19941K [0x0000000701a00000, 0x0000000800000000)
  region size 2048K, 7 young (14336K), 7 survivors (14336K)
 Metaspace       used 9544K, committed 9728K, reserved 1114112K
  class space    used 621K, committed 704K, reserved 1048576K
}
Event: 21.814 GC heap before
{Heap before GC invocations=5 (full 0):
 garbage-first heap   total 262144K, used 161253K [0x0000000701a00000, 0x0000000800000000)
  region size 2048K, 76 young (155648K), 7 survivors (14336K)
 Metaspace       used 9552K, committed 9728K, reserved 1114112K
  class space    used 621K, committed 704K, reserved 1048576K
}
Event: 21.822 GC heap after
{Heap after GC invocations=6 (full 0):
 garbage-first heap   total 262144K, used 23318K [0x0000000701a00000, 0x0000000800000000)
  region size 2048K, 6 young (12288K), 6 survivors (12288K)
 Metaspace       used 9552K, committed 9728K, reserved 1114112K
  class space    used 621K, committed 704K, reserved 1048576K
}
Event: 22.002 GC heap before
{Heap before GC invocations=6 (full 0):
 garbage-first heap   total 262144K, used 166678K [0x0000000701a00000, 0x0000000800000000)
  region size 2048K, 76 young (155648K), 6 survivors (12288K)
 Metaspace       used 9593K, committed 9792K, reserved 1114112K
  class space    used 625K, committed 704K, reserved 1048576K
}
Event: 22.007 GC heap after
{Heap after GC invocations=7 (full 0):
 garbage-first heap   total 262144K, used 24050K [0x0000000701a00000, 0x0000000800000000)
  region size 2048K, 5 young (10240K), 5 survivors (10240K)
 Metaspace       used 9593K, committed 9792K, reserved 1114112K
  class space    used 625K, committed 704K, reserved 1048576K
}
Event: 22.174 GC heap before
{Heap before GC invocations=7 (full 0):
 garbage-first heap   total 262144K, used 169458K [0x0000000701a00000, 0x0000000800000000)
  region size 2048K, 76 young (155648K), 5 survivors (10240K)
 Metaspace       used 9610K, committed 9856K, reserved 1114112K
  class space    used 625K, committed 704K, reserved 1048576K
}
Event: 22.179 GC heap after
{Heap after GC invocations=8 (full 0):
 garbage-first heap   total 339968K, used 27084K [0x0000000701a00000, 0x0000000800000000)
  region size 2048K, 6 young (12288K), 6 survivors (12288K)
 Metaspace       used 9610K, committed 9856K, reserved 1114112K
  class space    used 625K, committed 704K, reserved 1048576K
}
Event: 22.394 GC heap before
{Heap before GC invocations=8 (full 0):
 garbage-first heap   total 339968K, used 217548K [0x0000000701a00000, 0x0000000800000000)
  region size 2048K, 99 young (202752K), 6 survivors (12288K)
 Metaspace       used 9638K, committed 9856K, reserved 1114112K
  class space    used 625K, committed 704K, reserved 1048576K
}
Event: 22.400 GC heap after
{Heap after GC invocations=9 (full 0):
 garbage-first heap   total 339968K, used 29198K [0x0000000701a00000, 0x0000000800000000)
  region size 2048K, 7 young (14336K), 7 survivors (14336K)
 Metaspace       used 9638K, committed 9856K, reserved 1114112K
  class space    used 625K, committed 704K, reserved 1048576K
}
Event: 22.576 GC heap before
{Heap before GC invocations=9 (full 0):
 garbage-first heap   total 339968K, used 217614K [0x0000000701a00000, 0x0000000800000000)
  region size 2048K, 99 young (202752K), 7 survivors (14336K)
 Metaspace       used 9656K, committed 9856K, reserved 1114112K
  class space    used 625K, committed 704K, reserved 1048576K
}
Event: 22.581 GC heap after
{Heap after GC invocations=10 (full 0):
 garbage-first heap   total 339968K, used 30566K [0x0000000701a00000, 0x0000000800000000)
  region size 2048K, 8 young (16384K), 8 survivors (16384K)
 Metaspace       used 9656K, committed 9856K, reserved 1114112K
  class space    used 625K, committed 704K, reserved 1048576K
}
Event: 22.779 GC heap before
{Heap before GC invocations=10 (full 0):
 garbage-first heap   total 339968K, used 216934K [0x0000000701a00000, 0x0000000800000000)
  region size 2048K, 99 young (202752K), 8 survivors (16384K)
 Metaspace       used 9669K, committed 9856K, reserved 1114112K
  class space    used 625K, committed 704K, reserved 1048576K
}
Event: 22.786 GC heap after
{Heap after GC invocations=11 (full 0):
 garbage-first heap   total 339968K, used 32922K [0x0000000701a00000, 0x0000000800000000)
  region size 2048K, 7 young (14336K), 7 survivors (14336K)
 Metaspace       used 9669K, committed 9856K, reserved 1114112K
  class space    used 625K, committed 704K, reserved 1048576K
}
Event: 23.620 GC heap before
{Heap before GC invocations=11 (full 0):
 garbage-first heap   total 339968K, used 221338K [0x0000000701a00000, 0x0000000800000000)
  region size 2048K, 99 young (202752K), 7 survivors (14336K)
 Metaspace       used 9731K, committed 9920K, reserved 1114112K
  class space    used 631K, committed 704K, reserved 1048576K
}
Event: 23.625 GC heap after
{Heap after GC invocations=12 (full 0):
 garbage-first heap   total 409600K, used 33689K [0x0000000701a00000, 0x0000000800000000)
  region size 2048K, 8 young (16384K), 8 survivors (16384K)
 Metaspace       used 9731K, committed 9920K, reserved 1114112K
  class space    used 631K, committed 704K, reserved 1048576K
}
Event: 26.262 GC heap before
{Heap before GC invocations=12 (full 0):
 garbage-first heap   total 409600K, used 263065K [0x0000000701a00000, 0x0000000800000000)
  region size 2048K, 120 young (245760K), 8 survivors (16384K)
 Metaspace       used 9772K, committed 9920K, reserved 1114112K
  class space    used 633K, committed 704K, reserved 1048576K
}
Event: 26.263 GC heap after
{Heap after GC invocations=13 (full 0):
 garbage-first heap   total 409600K, used 26154K [0x0000000701a00000, 0x0000000800000000)
  region size 2048K, 4 young (8192K), 4 survivors (8192K)
 Metaspace       used 9772K, committed 9920K, reserved 1114112K
  class space    used 633K, committed 704K, reserved 1048576K
}

