# JRE version: Java(TM) SE Runtime Environment (17.0.12+8) (build 17.0.12+8-LTS-286)
# Java VM: Java HotSpot(TM) 64-Bit Server VM (17.0.12+8-LTS-286, mixed mode, sharing, tiered, compressed oops, compressed class ptrs, g1 gc, windows-amd64)
GC Precious Log:
 CPUs: 16 total, 16 available
 Memory: 16272M
 Large Page Support: Disabled
 NUMA Support: Disabled
 Compressed Oops: Enabled (Zero based)
 Heap Region Size: 2M
 Heap Min Capacity: 8M
 Heap Initial Capacity: 256M
 Heap Max Capacity: 4070M
 Pre-touch: Disabled
 Parallel Workers: 13
 Concurrent Workers: 3
 Concurrent Refinement Workers: 13
 Periodic GC: Disabled
Heap:
 garbage-first heap   total 262144K, used 68766K [0x0000000701a00000, 0x0000000800000000)
  region size 2048K, 18 young (36864K), 4 survivors (8192K)
 Metaspace       used 9472K, committed 9664K, reserved 1114112K
  class space    used 616K, committed 704K, reserved 1048576K
GC Heap History (18 events):
Event: 1.235 GC heap before
{Heap before GC invocations=0 (full 0):
 garbage-first heap   total 262144K, used 22528K [0x0000000701a00000, 0x0000000800000000)
  region size 2048K, 11 young (22528K), 0 survivors (0K)
 Metaspace       used 5359K, committed 5568K, reserved 1114112K
  class space    used 396K, committed 512K, reserved 1048576K
}
Event: 1.237 GC heap after
{Heap after GC invocations=1 (full 0):
 garbage-first heap   total 262144K, used 2810K [0x0000000701a00000, 0x0000000800000000)
  region size 2048K, 2 young (4096K), 2 survivors (4096K)
 Metaspace       used 5359K, committed 5568K, reserved 1114112K
  class space    used 396K, committed 512K, reserved 1048576K
}
Event: 2.637 GC heap before
{Heap before GC invocations=1 (full 0):
 garbage-first heap   total 262144K, used 35578K [0x0000000701a00000, 0x0000000800000000)
  region size 2048K, 19 young (38912K), 2 survivors (4096K)
 Metaspace       used 8153K, committed 8320K, reserved 1114112K
  class space    used 586K, committed 640K, reserved 1048576K
}
Event: 2.640 GC heap after
{Heap after GC invocations=2 (full 0):
 garbage-first heap   total 262144K, used 6296K [0x0000000701a00000, 0x0000000800000000)
  region size 2048K, 3 young (6144K), 3 survivors (6144K)
 Metaspace       used 8153K, committed 8320K, reserved 1114112K
  class space    used 586K, committed 640K, reserved 1048576K
}
Event: 11.576 GC heap before
{Heap before GC invocations=2 (full 0):
 garbage-first heap   total 262144K, used 155800K [0x0000000701a00000, 0x0000000800000000)
  region size 2048K, 76 young (155648K), 3 survivors (6144K)
 Metaspace       used 9248K, committed 9472K, reserved 1114112K
  class space    used 600K, committed 704K, reserved 1048576K
}
Event: 11.579 GC heap after
{Heap after GC invocations=3 (full 0):
 garbage-first heap   total 262144K, used 9646K [0x0000000701a00000, 0x0000000800000000)
  region size 2048K, 5 young (10240K), 5 survivors (10240K)
 Metaspace       used 9248K, committed 9472K, reserved 1114112K
  class space    used 600K, committed 704K, reserved 1048576K
}
Event: 29.159 GC heap before
{Heap before GC invocations=3 (full 0):
 garbage-first heap   total 262144K, used 155054K [0x0000000701a00000, 0x0000000800000000)
  region size 2048K, 76 young (155648K), 5 survivors (10240K)
 Metaspace       used 9270K, committed 9472K, reserved 1114112K
  class space    used 600K, committed 704K, reserved 1048576K
}
Event: 29.164 GC heap after
{Heap after GC invocations=4 (full 0):
 garbage-first heap   total 262144K, used 15687K [0x0000000701a00000, 0x0000000800000000)
  region size 2048K, 8 young (16384K), 8 survivors (16384K)
 Metaspace       used 9270K, committed 9472K, reserved 1114112K
  class space    used 600K, committed 704K, reserved 1048576K
}
Event: 44.810 GC heap before
{Heap before GC invocations=4 (full 0):
 garbage-first heap   total 262144K, used 154951K [0x0000000701a00000, 0x0000000800000000)
  region size 2048K, 76 young (155648K), 8 survivors (16384K)
 Metaspace       used 9278K, committed 9472K, reserved 1114112K
  class space    used 601K, committed 704K, reserved 1048576K
}
Event: 44.816 GC heap after
{Heap after GC invocations=5 (full 0):
 garbage-first heap   total 262144K, used 21624K [0x0000000701a00000, 0x0000000800000000)
  region size 2048K, 8 young (16384K), 8 survivors (16384K)
 Metaspace       used 9278K, committed 9472K, reserved 1114112K
  class space    used 601K, committed 704K, reserved 1048576K
}
Event: 64.410 GC heap before
{Heap before GC invocations=5 (full 0):
 garbage-first heap   total 262144K, used 160888K [0x0000000701a00000, 0x0000000800000000)
  region size 2048K, 76 young (155648K), 8 survivors (16384K)
 Metaspace       used 9279K, committed 9472K, reserved 1114112K
  class space    used 601K, committed 704K, reserved 1048576K
}
Event: 64.414 GC heap after
{Heap after GC invocations=6 (full 0):
 garbage-first heap   total 262144K, used 28170K [0x0000000701a00000, 0x0000000800000000)
  region size 2048K, 7 young (14336K), 7 survivors (14336K)
 Metaspace       used 9279K, committed 9472K, reserved 1114112K
  class space    used 601K, committed 704K, reserved 1048576K
}
Event: 85.262 GC heap before
{Heap before GC invocations=6 (full 0):
 garbage-first heap   total 262144K, used 169482K [0x0000000701a00000, 0x0000000800000000)
  region size 2048K, 76 young (155648K), 7 survivors (14336K)
 Metaspace       used 9329K, committed 9536K, reserved 1114112K
  class space    used 601K, committed 704K, reserved 1048576K
}
Event: 85.266 GC heap after
{Heap after GC invocations=7 (full 0):
 garbage-first heap   total 262144K, used 36209K [0x0000000701a00000, 0x0000000800000000)
  region size 2048K, 8 young (16384K), 8 survivors (16384K)
 Metaspace       used 9329K, committed 9536K, reserved 1114112K
  class space    used 601K, committed 704K, reserved 1048576K
}
Event: 91.346 GC heap before
{Heap before GC invocations=7 (full 0):
 garbage-first heap   total 262144K, used 175473K [0x0000000701a00000, 0x0000000800000000)
  region size 2048K, 76 young (155648K), 8 survivors (16384K)
 Metaspace       used 9450K, committed 9664K, reserved 1114112K
  class space    used 614K, committed 704K, reserved 1048576K
}
Event: 91.350 GC heap after
{Heap after GC invocations=8 (full 0):
 garbage-first heap   total 262144K, used 38926K [0x0000000701a00000, 0x0000000800000000)
  region size 2048K, 6 young (12288K), 6 survivors (12288K)
 Metaspace       used 9450K, committed 9664K, reserved 1114112K
  class space    used 614K, committed 704K, reserved 1048576K
}
Event: 99.713 GC heap before
{Heap before GC invocations=8 (full 0):
 garbage-first heap   total 262144K, used 182286K [0x0000000701a00000, 0x0000000800000000)
  region size 2048K, 76 young (155648K), 6 survivors (12288K)
 Metaspace       used 9455K, committed 9664K, reserved 1114112K
  class space    used 614K, committed 704K, reserved 1048576K
}
Event: 99.716 GC heap after
{Heap after GC invocations=9 (full 0):
 garbage-first heap   total 262144K, used 42142K [0x0000000701a00000, 0x0000000800000000)
  region size 2048K, 4 young (8192K), 4 survivors (8192K)
 Metaspace       used 9455K, committed 9664K, reserved 1114112K
  class space    used 614K, committed 704K, reserved 1048576K
}

