# JRE version: Java(TM) SE Runtime Environment (17.0.12+8) (build 17.0.12+8-LTS-286)
# Java VM: Java HotSpot(TM) 64-Bit Server VM (17.0.12+8-LTS-286, mixed mode, sharing, tiered, compressed oops, compressed class ptrs, g1 gc, windows-amd64)
GC Precious Log:
 CPUs: 16 total, 16 available
 Memory: 16272M
 Large Page Support: Disabled
 NUMA Support: Disabled
 Compressed Oops: Enabled (Zero based)
 Heap Region Size: 2M
 Heap Min Capacity: 8M
 Heap Initial Capacity: 256M
 Heap Max Capacity: 4070M
 Pre-touch: Disabled
 Parallel Workers: 13
 Concurrent Workers: 3
 Concurrent Refinement Workers: 13
 Periodic GC: Disabled
Heap:
 garbage-first heap   total 262144K, used 58947K [0x0000000701a00000, 0x0000000800000000)
  region size 2048K, 23 young (47104K), 5 survivors (10240K)
 Metaspace       used 9174K, committed 9408K, reserved 1114112K
  class space    used 597K, committed 704K, reserved 1048576K
GC Heap History (20 events):
Event: 1.023 GC heap before
{Heap before GC invocations=0 (full 0):
 garbage-first heap   total 262144K, used 22528K [0x0000000701a00000, 0x0000000800000000)
  region size 2048K, 11 young (22528K), 0 survivors (0K)
 Metaspace       used 5362K, committed 5568K, reserved 1114112K
  class space    used 396K, committed 512K, reserved 1048576K
}
Event: 1.025 GC heap after
{Heap after GC invocations=1 (full 0):
 garbage-first heap   total 262144K, used 2741K [0x0000000701a00000, 0x0000000800000000)
  region size 2048K, 2 young (4096K), 2 survivors (4096K)
 Metaspace       used 5362K, committed 5568K, reserved 1114112K
  class space    used 396K, committed 512K, reserved 1048576K
}
Event: 1.687 GC heap before
{Heap before GC invocations=1 (full 0):
 garbage-first heap   total 262144K, used 37557K [0x0000000701a00000, 0x0000000800000000)
  region size 2048K, 19 young (38912K), 2 survivors (4096K)
 Metaspace       used 8128K, committed 8256K, reserved 1114112K
  class space    used 586K, committed 640K, reserved 1048576K
}
Event: 1.690 GC heap after
{Heap after GC invocations=2 (full 0):
 garbage-first heap   total 262144K, used 6291K [0x0000000701a00000, 0x0000000800000000)
  region size 2048K, 3 young (6144K), 3 survivors (6144K)
 Metaspace       used 8128K, committed 8256K, reserved 1114112K
  class space    used 586K, committed 640K, reserved 1048576K
}
Event: 2.539 GC heap before
{Heap before GC invocations=2 (full 0):
 garbage-first heap   total 262144K, used 155795K [0x0000000701a00000, 0x0000000800000000)
  region size 2048K, 76 young (155648K), 3 survivors (6144K)
 Metaspace       used 8315K, committed 8448K, reserved 1114112K
  class space    used 586K, committed 640K, reserved 1048576K
}
Event: 2.544 GC heap after
{Heap after GC invocations=3 (full 0):
 garbage-first heap   total 262144K, used 10111K [0x0000000701a00000, 0x0000000800000000)
  region size 2048K, 5 young (10240K), 5 survivors (10240K)
 Metaspace       used 8315K, committed 8448K, reserved 1114112K
  class space    used 586K, committed 640K, reserved 1048576K
}
Event: 9.257 GC heap before
{Heap before GC invocations=3 (full 0):
 garbage-first heap   total 262144K, used 155519K [0x0000000701a00000, 0x0000000800000000)
  region size 2048K, 76 young (155648K), 5 survivors (10240K)
 Metaspace       used 9125K, committed 9344K, reserved 1114112K
  class space    used 595K, committed 704K, reserved 1048576K
}
Event: 9.260 GC heap after
{Heap after GC invocations=4 (full 0):
 garbage-first heap   total 262144K, used 8961K [0x0000000701a00000, 0x0000000800000000)
  region size 2048K, 5 young (10240K), 5 survivors (10240K)
 Metaspace       used 9125K, committed 9344K, reserved 1114112K
  class space    used 595K, committed 704K, reserved 1048576K
}
Event: 20.404 GC heap before
{Heap before GC invocations=4 (full 0):
 garbage-first heap   total 262144K, used 154369K [0x0000000701a00000, 0x0000000800000000)
  region size 2048K, 76 young (155648K), 5 survivors (10240K)
 Metaspace       used 9142K, committed 9408K, reserved 1114112K
  class space    used 595K, committed 704K, reserved 1048576K
}
Event: 20.407 GC heap after
{Heap after GC invocations=5 (full 0):
 garbage-first heap   total 262144K, used 9118K [0x0000000701a00000, 0x0000000800000000)
  region size 2048K, 5 young (10240K), 5 survivors (10240K)
 Metaspace       used 9142K, committed 9408K, reserved 1114112K
  class space    used 595K, committed 704K, reserved 1048576K
}
Event: 40.338 GC heap before
{Heap before GC invocations=5 (full 0):
 garbage-first heap   total 262144K, used 154526K [0x0000000701a00000, 0x0000000800000000)
  region size 2048K, 76 young (155648K), 5 survivors (10240K)
 Metaspace       used 9150K, committed 9408K, reserved 1114112K
  class space    used 595K, committed 704K, reserved 1048576K
}
Event: 40.341 GC heap after
{Heap after GC invocations=6 (full 0):
 garbage-first heap   total 262144K, used 10299K [0x0000000701a00000, 0x0000000800000000)
  region size 2048K, 5 young (10240K), 5 survivors (10240K)
 Metaspace       used 9150K, committed 9408K, reserved 1114112K
  class space    used 595K, committed 704K, reserved 1048576K
}
Event: 57.638 GC heap before
{Heap before GC invocations=6 (full 0):
 garbage-first heap   total 262144K, used 155707K [0x0000000701a00000, 0x0000000800000000)
  region size 2048K, 76 young (155648K), 5 survivors (10240K)
 Metaspace       used 9151K, committed 9408K, reserved 1114112K
  class space    used 595K, committed 704K, reserved 1048576K
}
Event: 57.641 GC heap after
{Heap after GC invocations=7 (full 0):
 garbage-first heap   total 262144K, used 16287K [0x0000000701a00000, 0x0000000800000000)
  region size 2048K, 8 young (16384K), 8 survivors (16384K)
 Metaspace       used 9151K, committed 9408K, reserved 1114112K
  class space    used 595K, committed 704K, reserved 1048576K
}
Event: 74.221 GC heap before
{Heap before GC invocations=7 (full 0):
 garbage-first heap   total 262144K, used 155551K [0x0000000701a00000, 0x0000000800000000)
  region size 2048K, 76 young (155648K), 8 survivors (16384K)
 Metaspace       used 9152K, committed 9408K, reserved 1114112K
  class space    used 595K, committed 704K, reserved 1048576K
}
Event: 74.225 GC heap after
{Heap after GC invocations=8 (full 0):
 garbage-first heap   total 262144K, used 21878K [0x0000000701a00000, 0x0000000800000000)
  region size 2048K, 8 young (16384K), 8 survivors (16384K)
 Metaspace       used 9152K, committed 9408K, reserved 1114112K
  class space    used 595K, committed 704K, reserved 1048576K
}
Event: 81.038 GC heap before
{Heap before GC invocations=8 (full 0):
 garbage-first heap   total 262144K, used 161142K [0x0000000701a00000, 0x0000000800000000)
  region size 2048K, 76 young (155648K), 8 survivors (16384K)
 Metaspace       used 9157K, committed 9408K, reserved 1114112K
  class space    used 595K, committed 704K, reserved 1048576K
}
Event: 81.042 GC heap after
{Heap after GC invocations=9 (full 0):
 garbage-first heap   total 262144K, used 24712K [0x0000000701a00000, 0x0000000800000000)
  region size 2048K, 5 young (10240K), 5 survivors (10240K)
 Metaspace       used 9157K, committed 9408K, reserved 1114112K
  class space    used 595K, committed 704K, reserved 1048576K
}
Event: 85.154 GC heap before
{Heap before GC invocations=9 (full 0):
 garbage-first heap   total 262144K, used 170120K [0x0000000701a00000, 0x0000000800000000)
  region size 2048K, 76 young (155648K), 5 survivors (10240K)
 Metaspace       used 9160K, committed 9408K, reserved 1114112K
  class space    used 595K, committed 704K, reserved 1048576K
}
Event: 85.155 GC heap after
{Heap after GC invocations=10 (full 0):
 garbage-first heap   total 262144K, used 24131K [0x0000000701a00000, 0x0000000800000000)
  region size 2048K, 5 young (10240K), 5 survivors (10240K)
 Metaspace       used 9160K, committed 9408K, reserved 1114112K
  class space    used 595K, committed 704K, reserved 1048576K
}

